<!DOCTYPE html>
<html>
<head>
<meta http-equiv="Content-Type" content="text/html; charset=utf-8"/>
<meta http-equiv="x-ua-compatible" content="IE=edge"/>
<title>Test results - Class com.phonebook.tests.LoginTests</title>
<link href="../css/base-style.css" rel="stylesheet" type="text/css"/>
<link href="../css/style.css" rel="stylesheet" type="text/css"/>
<script src="../js/report.js" type="text/javascript"></script>
</head>
<body>
<div id="content">
<h1>Class com.phonebook.tests.LoginTests</h1>
<div class="breadcrumbs">
<a href="../index.html">all</a> &gt; 
<a href="../packages/com.phonebook.tests.html">com.phonebook.tests</a> &gt; LoginTests</div>
<div id="summary">
<table>
<tr>
<td>
<div class="summaryGroup">
<table>
<tr>
<td>
<div class="infoBox" id="tests">
<div class="counter">1</div>
<p>tests</p>
</div>
</td>
<td>
<div class="infoBox" id="failures">
<div class="counter">1</div>
<p>failures</p>
</div>
</td>
<td>
<div class="infoBox" id="ignored">
<div class="counter">0</div>
<p>ignored</p>
</div>
</td>
<td>
<div class="infoBox" id="duration">
<div class="counter">20.283s</div>
<p>duration</p>
</div>
</td>
</tr>
</table>
</div>
</td>
<td>
<div class="infoBox failures" id="successRate">
<div class="percent">0%</div>
<p>successful</p>
</div>
</td>
</tr>
</table>
</div>
<div id="tabs">
<ul class="tabLinks">
<li>
<a href="#tab0">Failed tests</a>
</li>
<li>
<a href="#tab1">Tests</a>
</li>
<li>
<a href="#tab2">Standard output</a>
</li>
</ul>
<div id="tab0" class="tab">
<h2>Failed tests</h2>
<div class="test">
<a name="loginNegativeWithoutEmailTest"></a>
<h3 class="failures">loginNegativeWithoutEmailTest</h3>
<span class="code">
<pre>org.openqa.selenium.TimeoutException: Expected condition failed: waiting for alert to be present (tried for 20 second(s) with 500 milliseconds interval)
Build info: version: '4.21.0', revision: '79ed462ef4'
System info: os.name: 'Windows 10', os.arch: 'amd64', os.version: '10.0', java.version: '11.0.22'
Driver info: net.bytebuddy.renamed.java.lang.Object$ByteBuddy$RITveUwg
Capabilities {acceptInsecureCerts: false, browserName: chrome, browserVersion: 126.0.6478.57, chrome: {chromedriverVersion: 126.0.6478.55 (7616ff175414..., userDataDir: C:\WINDOWS\SystemTemp\scope...}, fedcm:accounts: true, goog:chromeOptions: {debuggerAddress: localhost:53685}, networkConnectionEnabled: false, pageLoadStrategy: normal, platformName: windows, proxy: Proxy(), se:cdp: ws://localhost:53685/devtoo..., se:cdpVersion: 126.0.6478.57, setWindowRect: true, strictFileInteractability: false, timeouts: {implicit: 0, pageLoad: 300000, script: 30000}, unhandledPromptBehavior: dismiss and notify, webauthn:extension:credBlob: true, webauthn:extension:largeBlob: true, webauthn:extension:minPinLength: true, webauthn:extension:prf: true, webauthn:virtualAuthenticators: true}
Session ID: 9e4b5a123999f45150e87d869ca1005b
	at app//org.openqa.selenium.support.ui.WebDriverWait.timeoutException(WebDriverWait.java:84)
	at app//org.openqa.selenium.support.ui.FluentWait.until(FluentWait.java:228)
	at app//com.phonebook.fw.BaseHelper.isAlertPresent(BaseHelper.java:36)
	at app//com.phonebook.tests.LoginTests.loginNegativeWithoutEmailTest(LoginTests.java:54)
	at java.base@11.0.22/jdk.internal.reflect.NativeMethodAccessorImpl.invoke0(Native Method)
	at java.base@11.0.22/jdk.internal.reflect.NativeMethodAccessorImpl.invoke(NativeMethodAccessorImpl.java:62)
	at java.base@11.0.22/jdk.internal.reflect.DelegatingMethodAccessorImpl.invoke(DelegatingMethodAccessorImpl.java:43)
	at java.base@11.0.22/java.lang.reflect.Method.invoke(Method.java:566)
	at app//org.testng.internal.invokers.MethodInvocationHelper.invokeMethod(MethodInvocationHelper.java:141)
	at app//org.testng.internal.invokers.TestInvoker.invokeMethod(TestInvoker.java:686)
	at app//org.testng.internal.invokers.TestInvoker.invokeTestMethod(TestInvoker.java:230)
	at app//org.testng.internal.invokers.MethodRunner.runInSequence(MethodRunner.java:63)
	at app//org.testng.internal.invokers.TestInvoker$MethodInvocationAgent.invoke(TestInvoker.java:992)
	at app//org.testng.internal.invokers.TestInvoker.invokeTestMethods(TestInvoker.java:203)
	at app//org.testng.internal.invokers.TestMethodWorker.invokeTestMethods(TestMethodWorker.java:154)
	at app//org.testng.internal.invokers.TestMethodWorker.run(TestMethodWorker.java:134)
	at java.base@11.0.22/java.util.ArrayList.forEach(ArrayList.java:1541)
	at app//org.testng.TestRunner.privateRun(TestRunner.java:739)
	at app//org.testng.TestRunner.run(TestRunner.java:614)
	at app//org.testng.SuiteRunner.runTest(SuiteRunner.java:421)
	at app//org.testng.SuiteRunner.runSequentially(SuiteRunner.java:413)
	at app//org.testng.SuiteRunner.privateRun(SuiteRunner.java:373)
	at app//org.testng.SuiteRunner.run(SuiteRunner.java:312)
	at app//org.testng.SuiteRunnerWorker.runSuite(SuiteRunnerWorker.java:52)
	at app//org.testng.SuiteRunnerWorker.run(SuiteRunnerWorker.java:95)
	at app//org.testng.TestNG.runSuitesSequentially(TestNG.java:1274)
	at app//org.testng.TestNG.runSuitesLocally(TestNG.java:1208)
	at app//org.testng.TestNG.runSuites(TestNG.java:1112)
	at app//org.testng.TestNG.run(TestNG.java:1079)
	at org.gradle.api.internal.tasks.testing.testng.TestNGTestClassProcessor.runTests(TestNGTestClassProcessor.java:153)
	at org.gradle.api.internal.tasks.testing.testng.TestNGTestClassProcessor.stop(TestNGTestClassProcessor.java:96)
	at org.gradle.api.internal.tasks.testing.SuiteTestClassProcessor.stop(SuiteTestClassProcessor.java:62)
	at java.base@11.0.22/jdk.internal.reflect.NativeMethodAccessorImpl.invoke0(Native Method)
	at java.base@11.0.22/jdk.internal.reflect.NativeMethodAccessorImpl.invoke(NativeMethodAccessorImpl.java:62)
	at java.base@11.0.22/jdk.internal.reflect.DelegatingMethodAccessorImpl.invoke(DelegatingMethodAccessorImpl.java:43)
	at java.base@11.0.22/java.lang.reflect.Method.invoke(Method.java:566)
	at org.gradle.internal.dispatch.ReflectionDispatch.dispatch(ReflectionDispatch.java:36)
	at org.gradle.internal.dispatch.ReflectionDispatch.dispatch(ReflectionDispatch.java:24)
	at org.gradle.internal.dispatch.ContextClassLoaderDispatch.dispatch(ContextClassLoaderDispatch.java:33)
	at org.gradle.internal.dispatch.ProxyDispatchAdapter$DispatchingInvocationHandler.invoke(ProxyDispatchAdapter.java:94)
	at com.sun.proxy.$Proxy2.stop(Unknown Source)
	at org.gradle.api.internal.tasks.testing.worker.TestWorker$3.run(TestWorker.java:193)
	at org.gradle.api.internal.tasks.testing.worker.TestWorker.executeAndMaintainThreadName(TestWorker.java:129)
	at org.gradle.api.internal.tasks.testing.worker.TestWorker.execute(TestWorker.java:100)
	at org.gradle.api.internal.tasks.testing.worker.TestWorker.execute(TestWorker.java:60)
	at org.gradle.process.internal.worker.child.ActionExecutionWorker.execute(ActionExecutionWorker.java:56)
	at org.gradle.process.internal.worker.child.SystemApplicationClassLoaderWorker.call(SystemApplicationClassLoaderWorker.java:119)
	at org.gradle.process.internal.worker.child.SystemApplicationClassLoaderWorker.call(SystemApplicationClassLoaderWorker.java:66)
	at app//worker.org.gradle.process.internal.worker.GradleWorkerMain.run(GradleWorkerMain.java:69)
	at app//worker.org.gradle.process.internal.worker.GradleWorkerMain.main(GradleWorkerMain.java:74)
</pre>
</span>
</div>
</div>
<div id="tab1" class="tab">
<h2>Tests</h2>
<table>
<thead>
<tr>
<th>Test</th>
<th>Duration</th>
<th>Result</th>
</tr>
</thead>
<tr>
<td class="failures">loginNegativeWithoutEmailTest</td>
<td class="failures">20.283s</td>
<td class="failures">failed</td>
</tr>
</table>
</div>
<div id="tab2" class="tab">
<h2>Standard output</h2>
<span class="code">
<pre>18:47:13.850 [Test worker] INFO  com.phonebook.tests.TestBase -- Start test!loginNegativeWithoutEmailTest with data: []
18:47:13.851 [Test worker] INFO  com.phonebook.utils.MyListener -- Before find elements --&gt; By.cssSelector: [href='/login']
18:47:13.874 [Test worker] INFO  com.phonebook.utils.MyListener -- After find elements --&gt; By.cssSelector: [href='/login']
18:47:13.874 [Test worker] INFO  com.phonebook.utils.MyListener -- List size is 1
18:47:13.875 [Test worker] INFO  com.phonebook.utils.MyListener -- Before find element --&gt; By.cssSelector: [href='/login']
18:47:13.893 [Test worker] INFO  com.phonebook.utils.MyListener -- After find element --&gt; By.cssSelector: [href='/login']
18:47:13.931 [Test worker] INFO  com.phonebook.utils.MyListener -- Before find element --&gt; By.name: password
18:47:13.945 [Test worker] INFO  com.phonebook.utils.MyListener -- After find element --&gt; By.name: password
18:47:13.979 [Test worker] INFO  com.phonebook.utils.MyListener -- Before find element --&gt; By.name: password
18:47:13.998 [Test worker] INFO  com.phonebook.utils.MyListener -- After find element --&gt; By.name: password
18:47:14.024 [Test worker] INFO  com.phonebook.utils.MyListener -- Before find element --&gt; By.name: password
18:47:14.037 [Test worker] INFO  com.phonebook.utils.MyListener -- After find element --&gt; By.name: password
18:47:14.086 [Test worker] INFO  com.phonebook.utils.MyListener -- Before find element --&gt; By.name: login
18:47:14.101 [Test worker] INFO  com.phonebook.utils.MyListener -- After find element --&gt; By.name: login
18:47:14.137 [Test worker] INFO  com.phonebook.utils.MyListener -- Something went wrong!
18:47:14.137 [Test worker] INFO  com.phonebook.utils.MyListener -- ===========================================================================
18:47:14.137 [Test worker] INFO  com.phonebook.utils.MyListener -- Method --&gt; alert
18:47:14.137 [Test worker] INFO  com.phonebook.utils.MyListener -- ===========================================================================
18:47:14.137 [Test worker] INFO  com.phonebook.utils.MyListener -- Object target --&gt; org.openqa.selenium.remote.RemoteWebDriver$RemoteTargetLocator@280d4882
18:47:14.137 [Test worker] INFO  com.phonebook.utils.MyListener -- ===========================================================================
18:47:14.137 [Test worker] INFO  com.phonebook.utils.MyListener -- Target exception--&gt; org.openqa.selenium.NoAlertPresentException: no such alert
  (Session info: chrome=126.0.6478.57)
Build info: version: '4.21.0', revision: '79ed462ef4'
System info: os.name: 'Windows 10', os.arch: 'amd64', os.version: '10.0', java.version: '11.0.22'
Driver info: org.openqa.selenium.chrome.ChromeDriver
Command: [9e4b5a123999f45150e87d869ca1005b, getAlertText {}]
Capabilities {acceptInsecureCerts: false, browserName: chrome, browserVersion: 126.0.6478.57, chrome: {chromedriverVersion: 126.0.6478.55 (7616ff175414..., userDataDir: C:\WINDOWS\SystemTemp\scope...}, fedcm:accounts: true, goog:chromeOptions: {debuggerAddress: localhost:53685}, networkConnectionEnabled: false, pageLoadStrategy: normal, platformName: windows, proxy: Proxy(), se:cdp: ws://localhost:53685/devtoo..., se:cdpVersion: 126.0.6478.57, setWindowRect: true, strictFileInteractability: false, timeouts: {implicit: 0, pageLoad: 300000, script: 30000}, unhandledPromptBehavior: dismiss and notify, webauthn:extension:credBlob: true, webauthn:extension:largeBlob: true, webauthn:extension:minPinLength: true, webauthn:extension:prf: true, webauthn:virtualAuthenticators: true}
Session ID: 9e4b5a123999f45150e87d869ca1005b
18:47:14.655 [Test worker] INFO  com.phonebook.utils.MyListener -- Something went wrong!
18:47:14.655 [Test worker] INFO  com.phonebook.utils.MyListener -- ===========================================================================
18:47:14.655 [Test worker] INFO  com.phonebook.utils.MyListener -- Method --&gt; alert
18:47:14.655 [Test worker] INFO  com.phonebook.utils.MyListener -- ===========================================================================
18:47:14.655 [Test worker] INFO  com.phonebook.utils.MyListener -- Object target --&gt; org.openqa.selenium.remote.RemoteWebDriver$RemoteTargetLocator@56b859a6
18:47:14.655 [Test worker] INFO  com.phonebook.utils.MyListener -- ===========================================================================
18:47:14.656 [Test worker] INFO  com.phonebook.utils.MyListener -- Target exception--&gt; org.openqa.selenium.NoAlertPresentException: no such alert
  (Session info: chrome=126.0.6478.57)
Build info: version: '4.21.0', revision: '79ed462ef4'
System info: os.name: 'Windows 10', os.arch: 'amd64', os.version: '10.0', java.version: '11.0.22'
Driver info: org.openqa.selenium.chrome.ChromeDriver
Command: [9e4b5a123999f45150e87d869ca1005b, getAlertText {}]
Capabilities {acceptInsecureCerts: false, browserName: chrome, browserVersion: 126.0.6478.57, chrome: {chromedriverVersion: 126.0.6478.55 (7616ff175414..., userDataDir: C:\WINDOWS\SystemTemp\scope...}, fedcm:accounts: true, goog:chromeOptions: {debuggerAddress: localhost:53685}, networkConnectionEnabled: false, pageLoadStrategy: normal, platformName: windows, proxy: Proxy(), se:cdp: ws://localhost:53685/devtoo..., se:cdpVersion: 126.0.6478.57, setWindowRect: true, strictFileInteractability: false, timeouts: {implicit: 0, pageLoad: 300000, script: 30000}, unhandledPromptBehavior: dismiss and notify, webauthn:extension:credBlob: true, webauthn:extension:largeBlob: true, webauthn:extension:minPinLength: true, webauthn:extension:prf: true, webauthn:virtualAuthenticators: true}
Session ID: 9e4b5a123999f45150e87d869ca1005b
18:47:15.168 [Test worker] INFO  com.phonebook.utils.MyListener -- Something went wrong!
18:47:15.168 [Test worker] INFO  com.phonebook.utils.MyListener -- ===========================================================================
18:47:15.168 [Test worker] INFO  com.phonebook.utils.MyListener -- Method --&gt; alert
18:47:15.168 [Test worker] INFO  com.phonebook.utils.MyListener -- ===========================================================================
18:47:15.168 [Test worker] INFO  com.phonebook.utils.MyListener -- Object target --&gt; org.openqa.selenium.remote.RemoteWebDriver$RemoteTargetLocator@58015e56
18:47:15.168 [Test worker] INFO  com.phonebook.utils.MyListener -- ===========================================================================
18:47:15.169 [Test worker] INFO  com.phonebook.utils.MyListener -- Target exception--&gt; org.openqa.selenium.NoAlertPresentException: no such alert
  (Session info: chrome=126.0.6478.57)
Build info: version: '4.21.0', revision: '79ed462ef4'
System info: os.name: 'Windows 10', os.arch: 'amd64', os.version: '10.0', java.version: '11.0.22'
Driver info: org.openqa.selenium.chrome.ChromeDriver
Command: [9e4b5a123999f45150e87d869ca1005b, getAlertText {}]
Capabilities {acceptInsecureCerts: false, browserName: chrome, browserVersion: 126.0.6478.57, chrome: {chromedriverVersion: 126.0.6478.55 (7616ff175414..., userDataDir: C:\WINDOWS\SystemTemp\scope...}, fedcm:accounts: true, goog:chromeOptions: {debuggerAddress: localhost:53685}, networkConnectionEnabled: false, pageLoadStrategy: normal, platformName: windows, proxy: Proxy(), se:cdp: ws://localhost:53685/devtoo..., se:cdpVersion: 126.0.6478.57, setWindowRect: true, strictFileInteractability: false, timeouts: {implicit: 0, pageLoad: 300000, script: 30000}, unhandledPromptBehavior: dismiss and notify, webauthn:extension:credBlob: true, webauthn:extension:largeBlob: true, webauthn:extension:minPinLength: true, webauthn:extension:prf: true, webauthn:virtualAuthenticators: true}
Session ID: 9e4b5a123999f45150e87d869ca1005b
18:47:15.686 [Test worker] INFO  com.phonebook.utils.MyListener -- Something went wrong!
18:47:15.686 [Test worker] INFO  com.phonebook.utils.MyListener -- ===========================================================================
18:47:15.686 [Test worker] INFO  com.phonebook.utils.MyListener -- Method --&gt; alert
18:47:15.686 [Test worker] INFO  com.phonebook.utils.MyListener -- ===========================================================================
18:47:15.686 [Test worker] INFO  com.phonebook.utils.MyListener -- Object target --&gt; org.openqa.selenium.remote.RemoteWebDriver$RemoteTargetLocator@2dfb885e
18:47:15.687 [Test worker] INFO  com.phonebook.utils.MyListener -- ===========================================================================
18:47:15.687 [Test worker] INFO  com.phonebook.utils.MyListener -- Target exception--&gt; org.openqa.selenium.NoAlertPresentException: no such alert
  (Session info: chrome=126.0.6478.57)
Build info: version: '4.21.0', revision: '79ed462ef4'
System info: os.name: 'Windows 10', os.arch: 'amd64', os.version: '10.0', java.version: '11.0.22'
Driver info: org.openqa.selenium.chrome.ChromeDriver
Command: [9e4b5a123999f45150e87d869ca1005b, getAlertText {}]
Capabilities {acceptInsecureCerts: false, browserName: chrome, browserVersion: 126.0.6478.57, chrome: {chromedriverVersion: 126.0.6478.55 (7616ff175414..., userDataDir: C:\WINDOWS\SystemTemp\scope...}, fedcm:accounts: true, goog:chromeOptions: {debuggerAddress: localhost:53685}, networkConnectionEnabled: false, pageLoadStrategy: normal, platformName: windows, proxy: Proxy(), se:cdp: ws://localhost:53685/devtoo..., se:cdpVersion: 126.0.6478.57, setWindowRect: true, strictFileInteractability: false, timeouts: {implicit: 0, pageLoad: 300000, script: 30000}, unhandledPromptBehavior: dismiss and notify, webauthn:extension:credBlob: true, webauthn:extension:largeBlob: true, webauthn:extension:minPinLength: true, webauthn:extension:prf: true, webauthn:virtualAuthenticators: true}
Session ID: 9e4b5a123999f45150e87d869ca1005b
18:47:16.207 [Test worker] INFO  com.phonebook.utils.MyListener -- Something went wrong!
18:47:16.207 [Test worker] INFO  com.phonebook.utils.MyListener -- ===========================================================================
18:47:16.207 [Test worker] INFO  com.phonebook.utils.MyListener -- Method --&gt; alert
18:47:16.207 [Test worker] INFO  com.phonebook.utils.MyListener -- ===========================================================================
18:47:16.207 [Test worker] INFO  com.phonebook.utils.MyListener -- Object target --&gt; org.openqa.selenium.remote.RemoteWebDriver$RemoteTargetLocator@58fa5769
18:47:16.208 [Test worker] INFO  com.phonebook.utils.MyListener -- ===========================================================================
18:47:16.208 [Test worker] INFO  com.phonebook.utils.MyListener -- Target exception--&gt; org.openqa.selenium.NoAlertPresentException: no such alert
  (Session info: chrome=126.0.6478.57)
Build info: version: '4.21.0', revision: '79ed462ef4'
System info: os.name: 'Windows 10', os.arch: 'amd64', os.version: '10.0', java.version: '11.0.22'
Driver info: org.openqa.selenium.chrome.ChromeDriver
Command: [9e4b5a123999f45150e87d869ca1005b, getAlertText {}]
Capabilities {acceptInsecureCerts: false, browserName: chrome, browserVersion: 126.0.6478.57, chrome: {chromedriverVersion: 126.0.6478.55 (7616ff175414..., userDataDir: C:\WINDOWS\SystemTemp\scope...}, fedcm:accounts: true, goog:chromeOptions: {debuggerAddress: localhost:53685}, networkConnectionEnabled: false, pageLoadStrategy: normal, platformName: windows, proxy: Proxy(), se:cdp: ws://localhost:53685/devtoo..., se:cdpVersion: 126.0.6478.57, setWindowRect: true, strictFileInteractability: false, timeouts: {implicit: 0, pageLoad: 300000, script: 30000}, unhandledPromptBehavior: dismiss and notify, webauthn:extension:credBlob: true, webauthn:extension:largeBlob: true, webauthn:extension:minPinLength: true, webauthn:extension:prf: true, webauthn:virtualAuthenticators: true}
Session ID: 9e4b5a123999f45150e87d869ca1005b
18:47:16.722 [Test worker] INFO  com.phonebook.utils.MyListener -- Something went wrong!
18:47:16.722 [Test worker] INFO  com.phonebook.utils.MyListener -- ===========================================================================
18:47:16.722 [Test worker] INFO  com.phonebook.utils.MyListener -- Method --&gt; alert
18:47:16.722 [Test worker] INFO  com.phonebook.utils.MyListener -- ===========================================================================
18:47:16.722 [Test worker] INFO  com.phonebook.utils.MyListener -- Object target --&gt; org.openqa.selenium.remote.RemoteWebDriver$RemoteTargetLocator@6f798482
18:47:16.722 [Test worker] INFO  com.phonebook.utils.MyListener -- ===========================================================================
18:47:16.723 [Test worker] INFO  com.phonebook.utils.MyListener -- Target exception--&gt; org.openqa.selenium.NoAlertPresentException: no such alert
  (Session info: chrome=126.0.6478.57)
Build info: version: '4.21.0', revision: '79ed462ef4'
System info: os.name: 'Windows 10', os.arch: 'amd64', os.version: '10.0', java.version: '11.0.22'
Driver info: org.openqa.selenium.chrome.ChromeDriver
Command: [9e4b5a123999f45150e87d869ca1005b, getAlertText {}]
Capabilities {acceptInsecureCerts: false, browserName: chrome, browserVersion: 126.0.6478.57, chrome: {chromedriverVersion: 126.0.6478.55 (7616ff175414..., userDataDir: C:\WINDOWS\SystemTemp\scope...}, fedcm:accounts: true, goog:chromeOptions: {debuggerAddress: localhost:53685}, networkConnectionEnabled: false, pageLoadStrategy: normal, platformName: windows, proxy: Proxy(), se:cdp: ws://localhost:53685/devtoo..., se:cdpVersion: 126.0.6478.57, setWindowRect: true, strictFileInteractability: false, timeouts: {implicit: 0, pageLoad: 300000, script: 30000}, unhandledPromptBehavior: dismiss and notify, webauthn:extension:credBlob: true, webauthn:extension:largeBlob: true, webauthn:extension:minPinLength: true, webauthn:extension:prf: true, webauthn:virtualAuthenticators: true}
Session ID: 9e4b5a123999f45150e87d869ca1005b
18:47:17.232 [Test worker] INFO  com.phonebook.utils.MyListener -- Something went wrong!
18:47:17.233 [Test worker] INFO  com.phonebook.utils.MyListener -- ===========================================================================
18:47:17.233 [Test worker] INFO  com.phonebook.utils.MyListener -- Method --&gt; alert
18:47:17.233 [Test worker] INFO  com.phonebook.utils.MyListener -- ===========================================================================
18:47:17.233 [Test worker] INFO  com.phonebook.utils.MyListener -- Object target --&gt; org.openqa.selenium.remote.RemoteWebDriver$RemoteTargetLocator@2daf06fc
18:47:17.233 [Test worker] INFO  com.phonebook.utils.MyListener -- ===========================================================================
18:47:17.233 [Test worker] INFO  com.phonebook.utils.MyListener -- Target exception--&gt; org.openqa.selenium.NoAlertPresentException: no such alert
  (Session info: chrome=126.0.6478.57)
Build info: version: '4.21.0', revision: '79ed462ef4'
System info: os.name: 'Windows 10', os.arch: 'amd64', os.version: '10.0', java.version: '11.0.22'
Driver info: org.openqa.selenium.chrome.ChromeDriver
Command: [9e4b5a123999f45150e87d869ca1005b, getAlertText {}]
Capabilities {acceptInsecureCerts: false, browserName: chrome, browserVersion: 126.0.6478.57, chrome: {chromedriverVersion: 126.0.6478.55 (7616ff175414..., userDataDir: C:\WINDOWS\SystemTemp\scope...}, fedcm:accounts: true, goog:chromeOptions: {debuggerAddress: localhost:53685}, networkConnectionEnabled: false, pageLoadStrategy: normal, platformName: windows, proxy: Proxy(), se:cdp: ws://localhost:53685/devtoo..., se:cdpVersion: 126.0.6478.57, setWindowRect: true, strictFileInteractability: false, timeouts: {implicit: 0, pageLoad: 300000, script: 30000}, unhandledPromptBehavior: dismiss and notify, webauthn:extension:credBlob: true, webauthn:extension:largeBlob: true, webauthn:extension:minPinLength: true, webauthn:extension:prf: true, webauthn:virtualAuthenticators: true}
Session ID: 9e4b5a123999f45150e87d869ca1005b
18:47:17.744 [Test worker] INFO  com.phonebook.utils.MyListener -- Something went wrong!
18:47:17.744 [Test worker] INFO  com.phonebook.utils.MyListener -- ===========================================================================
18:47:17.744 [Test worker] INFO  com.phonebook.utils.MyListener -- Method --&gt; alert
18:47:17.744 [Test worker] INFO  com.phonebook.utils.MyListener -- ===========================================================================
18:47:17.745 [Test worker] INFO  com.phonebook.utils.MyListener -- Object target --&gt; org.openqa.selenium.remote.RemoteWebDriver$RemoteTargetLocator@1b5a1d85
18:47:17.745 [Test worker] INFO  com.phonebook.utils.MyListener -- ===========================================================================
18:47:17.745 [Test worker] INFO  com.phonebook.utils.MyListener -- Target exception--&gt; org.openqa.selenium.NoAlertPresentException: no such alert
  (Session info: chrome=126.0.6478.57)
Build info: version: '4.21.0', revision: '79ed462ef4'
System info: os.name: 'Windows 10', os.arch: 'amd64', os.version: '10.0', java.version: '11.0.22'
Driver info: org.openqa.selenium.chrome.ChromeDriver
Command: [9e4b5a123999f45150e87d869ca1005b, getAlertText {}]
Capabilities {acceptInsecureCerts: false, browserName: chrome, browserVersion: 126.0.6478.57, chrome: {chromedriverVersion: 126.0.6478.55 (7616ff175414..., userDataDir: C:\WINDOWS\SystemTemp\scope...}, fedcm:accounts: true, goog:chromeOptions: {debuggerAddress: localhost:53685}, networkConnectionEnabled: false, pageLoadStrategy: normal, platformName: windows, proxy: Proxy(), se:cdp: ws://localhost:53685/devtoo..., se:cdpVersion: 126.0.6478.57, setWindowRect: true, strictFileInteractability: false, timeouts: {implicit: 0, pageLoad: 300000, script: 30000}, unhandledPromptBehavior: dismiss and notify, webauthn:extension:credBlob: true, webauthn:extension:largeBlob: true, webauthn:extension:minPinLength: true, webauthn:extension:prf: true, webauthn:virtualAuthenticators: true}
Session ID: 9e4b5a123999f45150e87d869ca1005b
18:47:18.257 [Test worker] INFO  com.phonebook.utils.MyListener -- Something went wrong!
18:47:18.257 [Test worker] INFO  com.phonebook.utils.MyListener -- ===========================================================================
18:47:18.257 [Test worker] INFO  com.phonebook.utils.MyListener -- Method --&gt; alert
18:47:18.257 [Test worker] INFO  com.phonebook.utils.MyListener -- ===========================================================================
18:47:18.258 [Test worker] INFO  com.phonebook.utils.MyListener -- Object target --&gt; org.openqa.selenium.remote.RemoteWebDriver$RemoteTargetLocator@7c3e4b1a
18:47:18.258 [Test worker] INFO  com.phonebook.utils.MyListener -- ===========================================================================
18:47:18.258 [Test worker] INFO  com.phonebook.utils.MyListener -- Target exception--&gt; org.openqa.selenium.NoAlertPresentException: no such alert
  (Session info: chrome=126.0.6478.57)
Build info: version: '4.21.0', revision: '79ed462ef4'
System info: os.name: 'Windows 10', os.arch: 'amd64', os.version: '10.0', java.version: '11.0.22'
Driver info: org.openqa.selenium.chrome.ChromeDriver
Command: [9e4b5a123999f45150e87d869ca1005b, getAlertText {}]
Capabilities {acceptInsecureCerts: false, browserName: chrome, browserVersion: 126.0.6478.57, chrome: {chromedriverVersion: 126.0.6478.55 (7616ff175414..., userDataDir: C:\WINDOWS\SystemTemp\scope...}, fedcm:accounts: true, goog:chromeOptions: {debuggerAddress: localhost:53685}, networkConnectionEnabled: false, pageLoadStrategy: normal, platformName: windows, proxy: Proxy(), se:cdp: ws://localhost:53685/devtoo..., se:cdpVersion: 126.0.6478.57, setWindowRect: true, strictFileInteractability: false, timeouts: {implicit: 0, pageLoad: 300000, script: 30000}, unhandledPromptBehavior: dismiss and notify, webauthn:extension:credBlob: true, webauthn:extension:largeBlob: true, webauthn:extension:minPinLength: true, webauthn:extension:prf: true, webauthn:virtualAuthenticators: true}
Session ID: 9e4b5a123999f45150e87d869ca1005b
18:47:18.771 [Test worker] INFO  com.phonebook.utils.MyListener -- Something went wrong!
18:47:18.771 [Test worker] INFO  com.phonebook.utils.MyListener -- ===========================================================================
18:47:18.771 [Test worker] INFO  com.phonebook.utils.MyListener -- Method --&gt; alert
18:47:18.771 [Test worker] INFO  com.phonebook.utils.MyListener -- ===========================================================================
18:47:18.772 [Test worker] INFO  com.phonebook.utils.MyListener -- Object target --&gt; org.openqa.selenium.remote.RemoteWebDriver$RemoteTargetLocator@73ae0257
18:47:18.772 [Test worker] INFO  com.phonebook.utils.MyListener -- ===========================================================================
18:47:18.772 [Test worker] INFO  com.phonebook.utils.MyListener -- Target exception--&gt; org.openqa.selenium.NoAlertPresentException: no such alert
  (Session info: chrome=126.0.6478.57)
Build info: version: '4.21.0', revision: '79ed462ef4'
System info: os.name: 'Windows 10', os.arch: 'amd64', os.version: '10.0', java.version: '11.0.22'
Driver info: org.openqa.selenium.chrome.ChromeDriver
Command: [9e4b5a123999f45150e87d869ca1005b, getAlertText {}]
Capabilities {acceptInsecureCerts: false, browserName: chrome, browserVersion: 126.0.6478.57, chrome: {chromedriverVersion: 126.0.6478.55 (7616ff175414..., userDataDir: C:\WINDOWS\SystemTemp\scope...}, fedcm:accounts: true, goog:chromeOptions: {debuggerAddress: localhost:53685}, networkConnectionEnabled: false, pageLoadStrategy: normal, platformName: windows, proxy: Proxy(), se:cdp: ws://localhost:53685/devtoo..., se:cdpVersion: 126.0.6478.57, setWindowRect: true, strictFileInteractability: false, timeouts: {implicit: 0, pageLoad: 300000, script: 30000}, unhandledPromptBehavior: dismiss and notify, webauthn:extension:credBlob: true, webauthn:extension:largeBlob: true, webauthn:extension:minPinLength: true, webauthn:extension:prf: true, webauthn:virtualAuthenticators: true}
Session ID: 9e4b5a123999f45150e87d869ca1005b
18:47:19.283 [Test worker] INFO  com.phonebook.utils.MyListener -- Something went wrong!
18:47:19.283 [Test worker] INFO  com.phonebook.utils.MyListener -- ===========================================================================
18:47:19.283 [Test worker] INFO  com.phonebook.utils.MyListener -- Method --&gt; alert
18:47:19.283 [Test worker] INFO  com.phonebook.utils.MyListener -- ===========================================================================
18:47:19.283 [Test worker] INFO  com.phonebook.utils.MyListener -- Object target --&gt; org.openqa.selenium.remote.RemoteWebDriver$RemoteTargetLocator@42a0501e
18:47:19.283 [Test worker] INFO  com.phonebook.utils.MyListener -- ===========================================================================
18:47:19.284 [Test worker] INFO  com.phonebook.utils.MyListener -- Target exception--&gt; org.openqa.selenium.NoAlertPresentException: no such alert
  (Session info: chrome=126.0.6478.57)
Build info: version: '4.21.0', revision: '79ed462ef4'
System info: os.name: 'Windows 10', os.arch: 'amd64', os.version: '10.0', java.version: '11.0.22'
Driver info: org.openqa.selenium.chrome.ChromeDriver
Command: [9e4b5a123999f45150e87d869ca1005b, getAlertText {}]
Capabilities {acceptInsecureCerts: false, browserName: chrome, browserVersion: 126.0.6478.57, chrome: {chromedriverVersion: 126.0.6478.55 (7616ff175414..., userDataDir: C:\WINDOWS\SystemTemp\scope...}, fedcm:accounts: true, goog:chromeOptions: {debuggerAddress: localhost:53685}, networkConnectionEnabled: false, pageLoadStrategy: normal, platformName: windows, proxy: Proxy(), se:cdp: ws://localhost:53685/devtoo..., se:cdpVersion: 126.0.6478.57, setWindowRect: true, strictFileInteractability: false, timeouts: {implicit: 0, pageLoad: 300000, script: 30000}, unhandledPromptBehavior: dismiss and notify, webauthn:extension:credBlob: true, webauthn:extension:largeBlob: true, webauthn:extension:minPinLength: true, webauthn:extension:prf: true, webauthn:virtualAuthenticators: true}
Session ID: 9e4b5a123999f45150e87d869ca1005b
18:47:19.797 [Test worker] INFO  com.phonebook.utils.MyListener -- Something went wrong!
18:47:19.798 [Test worker] INFO  com.phonebook.utils.MyListener -- ===========================================================================
18:47:19.798 [Test worker] INFO  com.phonebook.utils.MyListener -- Method --&gt; alert
18:47:19.798 [Test worker] INFO  com.phonebook.utils.MyListener -- ===========================================================================
18:47:19.798 [Test worker] INFO  com.phonebook.utils.MyListener -- Object target --&gt; org.openqa.selenium.remote.RemoteWebDriver$RemoteTargetLocator@2f7efd0b
18:47:19.798 [Test worker] INFO  com.phonebook.utils.MyListener -- ===========================================================================
18:47:19.798 [Test worker] INFO  com.phonebook.utils.MyListener -- Target exception--&gt; org.openqa.selenium.NoAlertPresentException: no such alert
  (Session info: chrome=126.0.6478.57)
Build info: version: '4.21.0', revision: '79ed462ef4'
System info: os.name: 'Windows 10', os.arch: 'amd64', os.version: '10.0', java.version: '11.0.22'
Driver info: org.openqa.selenium.chrome.ChromeDriver
Command: [9e4b5a123999f45150e87d869ca1005b, getAlertText {}]
Capabilities {acceptInsecureCerts: false, browserName: chrome, browserVersion: 126.0.6478.57, chrome: {chromedriverVersion: 126.0.6478.55 (7616ff175414..., userDataDir: C:\WINDOWS\SystemTemp\scope...}, fedcm:accounts: true, goog:chromeOptions: {debuggerAddress: localhost:53685}, networkConnectionEnabled: false, pageLoadStrategy: normal, platformName: windows, proxy: Proxy(), se:cdp: ws://localhost:53685/devtoo..., se:cdpVersion: 126.0.6478.57, setWindowRect: true, strictFileInteractability: false, timeouts: {implicit: 0, pageLoad: 300000, script: 30000}, unhandledPromptBehavior: dismiss and notify, webauthn:extension:credBlob: true, webauthn:extension:largeBlob: true, webauthn:extension:minPinLength: true, webauthn:extension:prf: true, webauthn:virtualAuthenticators: true}
Session ID: 9e4b5a123999f45150e87d869ca1005b
18:47:20.308 [Test worker] INFO  com.phonebook.utils.MyListener -- Something went wrong!
18:47:20.308 [Test worker] INFO  com.phonebook.utils.MyListener -- ===========================================================================
18:47:20.308 [Test worker] INFO  com.phonebook.utils.MyListener -- Method --&gt; alert
18:47:20.308 [Test worker] INFO  com.phonebook.utils.MyListener -- ===========================================================================
18:47:20.308 [Test worker] INFO  com.phonebook.utils.MyListener -- Object target --&gt; org.openqa.selenium.remote.RemoteWebDriver$RemoteTargetLocator@1d61a348
18:47:20.308 [Test worker] INFO  com.phonebook.utils.MyListener -- ===========================================================================
18:47:20.308 [Test worker] INFO  com.phonebook.utils.MyListener -- Target exception--&gt; org.openqa.selenium.NoAlertPresentException: no such alert
  (Session info: chrome=126.0.6478.57)
Build info: version: '4.21.0', revision: '79ed462ef4'
System info: os.name: 'Windows 10', os.arch: 'amd64', os.version: '10.0', java.version: '11.0.22'
Driver info: org.openqa.selenium.chrome.ChromeDriver
Command: [9e4b5a123999f45150e87d869ca1005b, getAlertText {}]
Capabilities {acceptInsecureCerts: false, browserName: chrome, browserVersion: 126.0.6478.57, chrome: {chromedriverVersion: 126.0.6478.55 (7616ff175414..., userDataDir: C:\WINDOWS\SystemTemp\scope...}, fedcm:accounts: true, goog:chromeOptions: {debuggerAddress: localhost:53685}, networkConnectionEnabled: false, pageLoadStrategy: normal, platformName: windows, proxy: Proxy(), se:cdp: ws://localhost:53685/devtoo..., se:cdpVersion: 126.0.6478.57, setWindowRect: true, strictFileInteractability: false, timeouts: {implicit: 0, pageLoad: 300000, script: 30000}, unhandledPromptBehavior: dismiss and notify, webauthn:extension:credBlob: true, webauthn:extension:largeBlob: true, webauthn:extension:minPinLength: true, webauthn:extension:prf: true, webauthn:virtualAuthenticators: true}
Session ID: 9e4b5a123999f45150e87d869ca1005b
18:47:20.820 [Test worker] INFO  com.phonebook.utils.MyListener -- Something went wrong!
18:47:20.821 [Test worker] INFO  com.phonebook.utils.MyListener -- ===========================================================================
18:47:20.821 [Test worker] INFO  com.phonebook.utils.MyListener -- Method --&gt; alert
18:47:20.821 [Test worker] INFO  com.phonebook.utils.MyListener -- ===========================================================================
18:47:20.821 [Test worker] INFO  com.phonebook.utils.MyListener -- Object target --&gt; org.openqa.selenium.remote.RemoteWebDriver$RemoteTargetLocator@1e236278
18:47:20.821 [Test worker] INFO  com.phonebook.utils.MyListener -- ===========================================================================
18:47:20.821 [Test worker] INFO  com.phonebook.utils.MyListener -- Target exception--&gt; org.openqa.selenium.NoAlertPresentException: no such alert
  (Session info: chrome=126.0.6478.57)
Build info: version: '4.21.0', revision: '79ed462ef4'
System info: os.name: 'Windows 10', os.arch: 'amd64', os.version: '10.0', java.version: '11.0.22'
Driver info: org.openqa.selenium.chrome.ChromeDriver
Command: [9e4b5a123999f45150e87d869ca1005b, getAlertText {}]
Capabilities {acceptInsecureCerts: false, browserName: chrome, browserVersion: 126.0.6478.57, chrome: {chromedriverVersion: 126.0.6478.55 (7616ff175414..., userDataDir: C:\WINDOWS\SystemTemp\scope...}, fedcm:accounts: true, goog:chromeOptions: {debuggerAddress: localhost:53685}, networkConnectionEnabled: false, pageLoadStrategy: normal, platformName: windows, proxy: Proxy(), se:cdp: ws://localhost:53685/devtoo..., se:cdpVersion: 126.0.6478.57, setWindowRect: true, strictFileInteractability: false, timeouts: {implicit: 0, pageLoad: 300000, script: 30000}, unhandledPromptBehavior: dismiss and notify, webauthn:extension:credBlob: true, webauthn:extension:largeBlob: true, webauthn:extension:minPinLength: true, webauthn:extension:prf: true, webauthn:virtualAuthenticators: true}
Session ID: 9e4b5a123999f45150e87d869ca1005b
18:47:21.336 [Test worker] INFO  com.phonebook.utils.MyListener -- Something went wrong!
18:47:21.336 [Test worker] INFO  com.phonebook.utils.MyListener -- ===========================================================================
18:47:21.336 [Test worker] INFO  com.phonebook.utils.MyListener -- Method --&gt; alert
18:47:21.336 [Test worker] INFO  com.phonebook.utils.MyListener -- ===========================================================================
18:47:21.336 [Test worker] INFO  com.phonebook.utils.MyListener -- Object target --&gt; org.openqa.selenium.remote.RemoteWebDriver$RemoteTargetLocator@4d6ccc97
18:47:21.336 [Test worker] INFO  com.phonebook.utils.MyListener -- ===========================================================================
18:47:21.336 [Test worker] INFO  com.phonebook.utils.MyListener -- Target exception--&gt; org.openqa.selenium.NoAlertPresentException: no such alert
  (Session info: chrome=126.0.6478.57)
Build info: version: '4.21.0', revision: '79ed462ef4'
System info: os.name: 'Windows 10', os.arch: 'amd64', os.version: '10.0', java.version: '11.0.22'
Driver info: org.openqa.selenium.chrome.ChromeDriver
Command: [9e4b5a123999f45150e87d869ca1005b, getAlertText {}]
Capabilities {acceptInsecureCerts: false, browserName: chrome, browserVersion: 126.0.6478.57, chrome: {chromedriverVersion: 126.0.6478.55 (7616ff175414..., userDataDir: C:\WINDOWS\SystemTemp\scope...}, fedcm:accounts: true, goog:chromeOptions: {debuggerAddress: localhost:53685}, networkConnectionEnabled: false, pageLoadStrategy: normal, platformName: windows, proxy: Proxy(), se:cdp: ws://localhost:53685/devtoo..., se:cdpVersion: 126.0.6478.57, setWindowRect: true, strictFileInteractability: false, timeouts: {implicit: 0, pageLoad: 300000, script: 30000}, unhandledPromptBehavior: dismiss and notify, webauthn:extension:credBlob: true, webauthn:extension:largeBlob: true, webauthn:extension:minPinLength: true, webauthn:extension:prf: true, webauthn:virtualAuthenticators: true}
Session ID: 9e4b5a123999f45150e87d869ca1005b
18:47:21.849 [Test worker] INFO  com.phonebook.utils.MyListener -- Something went wrong!
18:47:21.849 [Test worker] INFO  com.phonebook.utils.MyListener -- ===========================================================================
18:47:21.849 [Test worker] INFO  com.phonebook.utils.MyListener -- Method --&gt; alert
18:47:21.849 [Test worker] INFO  com.phonebook.utils.MyListener -- ===========================================================================
18:47:21.849 [Test worker] INFO  com.phonebook.utils.MyListener -- Object target --&gt; org.openqa.selenium.remote.RemoteWebDriver$RemoteTargetLocator@149b0577
18:47:21.849 [Test worker] INFO  com.phonebook.utils.MyListener -- ===========================================================================
18:47:21.850 [Test worker] INFO  com.phonebook.utils.MyListener -- Target exception--&gt; org.openqa.selenium.NoAlertPresentException: no such alert
  (Session info: chrome=126.0.6478.57)
Build info: version: '4.21.0', revision: '79ed462ef4'
System info: os.name: 'Windows 10', os.arch: 'amd64', os.version: '10.0', java.version: '11.0.22'
Driver info: org.openqa.selenium.chrome.ChromeDriver
Command: [9e4b5a123999f45150e87d869ca1005b, getAlertText {}]
Capabilities {acceptInsecureCerts: false, browserName: chrome, browserVersion: 126.0.6478.57, chrome: {chromedriverVersion: 126.0.6478.55 (7616ff175414..., userDataDir: C:\WINDOWS\SystemTemp\scope...}, fedcm:accounts: true, goog:chromeOptions: {debuggerAddress: localhost:53685}, networkConnectionEnabled: false, pageLoadStrategy: normal, platformName: windows, proxy: Proxy(), se:cdp: ws://localhost:53685/devtoo..., se:cdpVersion: 126.0.6478.57, setWindowRect: true, strictFileInteractability: false, timeouts: {implicit: 0, pageLoad: 300000, script: 30000}, unhandledPromptBehavior: dismiss and notify, webauthn:extension:credBlob: true, webauthn:extension:largeBlob: true, webauthn:extension:minPinLength: true, webauthn:extension:prf: true, webauthn:virtualAuthenticators: true}
Session ID: 9e4b5a123999f45150e87d869ca1005b
18:47:22.361 [Test worker] INFO  com.phonebook.utils.MyListener -- Something went wrong!
18:47:22.361 [Test worker] INFO  com.phonebook.utils.MyListener -- ===========================================================================
18:47:22.361 [Test worker] INFO  com.phonebook.utils.MyListener -- Method --&gt; alert
18:47:22.362 [Test worker] INFO  com.phonebook.utils.MyListener -- ===========================================================================
18:47:22.362 [Test worker] INFO  com.phonebook.utils.MyListener -- Object target --&gt; org.openqa.selenium.remote.RemoteWebDriver$RemoteTargetLocator@7be1ce6a
18:47:22.362 [Test worker] INFO  com.phonebook.utils.MyListener -- ===========================================================================
18:47:22.362 [Test worker] INFO  com.phonebook.utils.MyListener -- Target exception--&gt; org.openqa.selenium.NoAlertPresentException: no such alert
  (Session info: chrome=126.0.6478.57)
Build info: version: '4.21.0', revision: '79ed462ef4'
System info: os.name: 'Windows 10', os.arch: 'amd64', os.version: '10.0', java.version: '11.0.22'
Driver info: org.openqa.selenium.chrome.ChromeDriver
Command: [9e4b5a123999f45150e87d869ca1005b, getAlertText {}]
Capabilities {acceptInsecureCerts: false, browserName: chrome, browserVersion: 126.0.6478.57, chrome: {chromedriverVersion: 126.0.6478.55 (7616ff175414..., userDataDir: C:\WINDOWS\SystemTemp\scope...}, fedcm:accounts: true, goog:chromeOptions: {debuggerAddress: localhost:53685}, networkConnectionEnabled: false, pageLoadStrategy: normal, platformName: windows, proxy: Proxy(), se:cdp: ws://localhost:53685/devtoo..., se:cdpVersion: 126.0.6478.57, setWindowRect: true, strictFileInteractability: false, timeouts: {implicit: 0, pageLoad: 300000, script: 30000}, unhandledPromptBehavior: dismiss and notify, webauthn:extension:credBlob: true, webauthn:extension:largeBlob: true, webauthn:extension:minPinLength: true, webauthn:extension:prf: true, webauthn:virtualAuthenticators: true}
Session ID: 9e4b5a123999f45150e87d869ca1005b
18:47:22.870 [Test worker] INFO  com.phonebook.utils.MyListener -- Something went wrong!
18:47:22.870 [Test worker] INFO  com.phonebook.utils.MyListener -- ===========================================================================
18:47:22.870 [Test worker] INFO  com.phonebook.utils.MyListener -- Method --&gt; alert
18:47:22.870 [Test worker] INFO  com.phonebook.utils.MyListener -- ===========================================================================
18:47:22.870 [Test worker] INFO  com.phonebook.utils.MyListener -- Object target --&gt; org.openqa.selenium.remote.RemoteWebDriver$RemoteTargetLocator@17ba57f0
18:47:22.870 [Test worker] INFO  com.phonebook.utils.MyListener -- ===========================================================================
18:47:22.870 [Test worker] INFO  com.phonebook.utils.MyListener -- Target exception--&gt; org.openqa.selenium.NoAlertPresentException: no such alert
  (Session info: chrome=126.0.6478.57)
Build info: version: '4.21.0', revision: '79ed462ef4'
System info: os.name: 'Windows 10', os.arch: 'amd64', os.version: '10.0', java.version: '11.0.22'
Driver info: org.openqa.selenium.chrome.ChromeDriver
Command: [9e4b5a123999f45150e87d869ca1005b, getAlertText {}]
Capabilities {acceptInsecureCerts: false, browserName: chrome, browserVersion: 126.0.6478.57, chrome: {chromedriverVersion: 126.0.6478.55 (7616ff175414..., userDataDir: C:\WINDOWS\SystemTemp\scope...}, fedcm:accounts: true, goog:chromeOptions: {debuggerAddress: localhost:53685}, networkConnectionEnabled: false, pageLoadStrategy: normal, platformName: windows, proxy: Proxy(), se:cdp: ws://localhost:53685/devtoo..., se:cdpVersion: 126.0.6478.57, setWindowRect: true, strictFileInteractability: false, timeouts: {implicit: 0, pageLoad: 300000, script: 30000}, unhandledPromptBehavior: dismiss and notify, webauthn:extension:credBlob: true, webauthn:extension:largeBlob: true, webauthn:extension:minPinLength: true, webauthn:extension:prf: true, webauthn:virtualAuthenticators: true}
Session ID: 9e4b5a123999f45150e87d869ca1005b
18:47:23.385 [Test worker] INFO  com.phonebook.utils.MyListener -- Something went wrong!
18:47:23.385 [Test worker] INFO  com.phonebook.utils.MyListener -- ===========================================================================
18:47:23.386 [Test worker] INFO  com.phonebook.utils.MyListener -- Method --&gt; alert
18:47:23.386 [Test worker] INFO  com.phonebook.utils.MyListener -- ===========================================================================
18:47:23.386 [Test worker] INFO  com.phonebook.utils.MyListener -- Object target --&gt; org.openqa.selenium.remote.RemoteWebDriver$RemoteTargetLocator@7d70638
18:47:23.386 [Test worker] INFO  com.phonebook.utils.MyListener -- ===========================================================================
18:47:23.386 [Test worker] INFO  com.phonebook.utils.MyListener -- Target exception--&gt; org.openqa.selenium.NoAlertPresentException: no such alert
  (Session info: chrome=126.0.6478.57)
Build info: version: '4.21.0', revision: '79ed462ef4'
System info: os.name: 'Windows 10', os.arch: 'amd64', os.version: '10.0', java.version: '11.0.22'
Driver info: org.openqa.selenium.chrome.ChromeDriver
Command: [9e4b5a123999f45150e87d869ca1005b, getAlertText {}]
Capabilities {acceptInsecureCerts: false, browserName: chrome, browserVersion: 126.0.6478.57, chrome: {chromedriverVersion: 126.0.6478.55 (7616ff175414..., userDataDir: C:\WINDOWS\SystemTemp\scope...}, fedcm:accounts: true, goog:chromeOptions: {debuggerAddress: localhost:53685}, networkConnectionEnabled: false, pageLoadStrategy: normal, platformName: windows, proxy: Proxy(), se:cdp: ws://localhost:53685/devtoo..., se:cdpVersion: 126.0.6478.57, setWindowRect: true, strictFileInteractability: false, timeouts: {implicit: 0, pageLoad: 300000, script: 30000}, unhandledPromptBehavior: dismiss and notify, webauthn:extension:credBlob: true, webauthn:extension:largeBlob: true, webauthn:extension:minPinLength: true, webauthn:extension:prf: true, webauthn:virtualAuthenticators: true}
Session ID: 9e4b5a123999f45150e87d869ca1005b
18:47:23.899 [Test worker] INFO  com.phonebook.utils.MyListener -- Something went wrong!
18:47:23.899 [Test worker] INFO  com.phonebook.utils.MyListener -- ===========================================================================
18:47:23.899 [Test worker] INFO  com.phonebook.utils.MyListener -- Method --&gt; alert
18:47:23.899 [Test worker] INFO  com.phonebook.utils.MyListener -- ===========================================================================
18:47:23.899 [Test worker] INFO  com.phonebook.utils.MyListener -- Object target --&gt; org.openqa.selenium.remote.RemoteWebDriver$RemoteTargetLocator@73809e7
18:47:23.899 [Test worker] INFO  com.phonebook.utils.MyListener -- ===========================================================================
18:47:23.899 [Test worker] INFO  com.phonebook.utils.MyListener -- Target exception--&gt; org.openqa.selenium.NoAlertPresentException: no such alert
  (Session info: chrome=126.0.6478.57)
Build info: version: '4.21.0', revision: '79ed462ef4'
System info: os.name: 'Windows 10', os.arch: 'amd64', os.version: '10.0', java.version: '11.0.22'
Driver info: org.openqa.selenium.chrome.ChromeDriver
Command: [9e4b5a123999f45150e87d869ca1005b, getAlertText {}]
Capabilities {acceptInsecureCerts: false, browserName: chrome, browserVersion: 126.0.6478.57, chrome: {chromedriverVersion: 126.0.6478.55 (7616ff175414..., userDataDir: C:\WINDOWS\SystemTemp\scope...}, fedcm:accounts: true, goog:chromeOptions: {debuggerAddress: localhost:53685}, networkConnectionEnabled: false, pageLoadStrategy: normal, platformName: windows, proxy: Proxy(), se:cdp: ws://localhost:53685/devtoo..., se:cdpVersion: 126.0.6478.57, setWindowRect: true, strictFileInteractability: false, timeouts: {implicit: 0, pageLoad: 300000, script: 30000}, unhandledPromptBehavior: dismiss and notify, webauthn:extension:credBlob: true, webauthn:extension:largeBlob: true, webauthn:extension:minPinLength: true, webauthn:extension:prf: true, webauthn:virtualAuthenticators: true}
Session ID: 9e4b5a123999f45150e87d869ca1005b
18:47:24.411 [Test worker] INFO  com.phonebook.utils.MyListener -- Something went wrong!
18:47:24.412 [Test worker] INFO  com.phonebook.utils.MyListener -- ===========================================================================
18:47:24.412 [Test worker] INFO  com.phonebook.utils.MyListener -- Method --&gt; alert
18:47:24.412 [Test worker] INFO  com.phonebook.utils.MyListener -- ===========================================================================
18:47:24.412 [Test worker] INFO  com.phonebook.utils.MyListener -- Object target --&gt; org.openqa.selenium.remote.RemoteWebDriver$RemoteTargetLocator@67507df
18:47:24.412 [Test worker] INFO  com.phonebook.utils.MyListener -- ===========================================================================
18:47:24.412 [Test worker] INFO  com.phonebook.utils.MyListener -- Target exception--&gt; org.openqa.selenium.NoAlertPresentException: no such alert
  (Session info: chrome=126.0.6478.57)
Build info: version: '4.21.0', revision: '79ed462ef4'
System info: os.name: 'Windows 10', os.arch: 'amd64', os.version: '10.0', java.version: '11.0.22'
Driver info: org.openqa.selenium.chrome.ChromeDriver
Command: [9e4b5a123999f45150e87d869ca1005b, getAlertText {}]
Capabilities {acceptInsecureCerts: false, browserName: chrome, browserVersion: 126.0.6478.57, chrome: {chromedriverVersion: 126.0.6478.55 (7616ff175414..., userDataDir: C:\WINDOWS\SystemTemp\scope...}, fedcm:accounts: true, goog:chromeOptions: {debuggerAddress: localhost:53685}, networkConnectionEnabled: false, pageLoadStrategy: normal, platformName: windows, proxy: Proxy(), se:cdp: ws://localhost:53685/devtoo..., se:cdpVersion: 126.0.6478.57, setWindowRect: true, strictFileInteractability: false, timeouts: {implicit: 0, pageLoad: 300000, script: 30000}, unhandledPromptBehavior: dismiss and notify, webauthn:extension:credBlob: true, webauthn:extension:largeBlob: true, webauthn:extension:minPinLength: true, webauthn:extension:prf: true, webauthn:virtualAuthenticators: true}
Session ID: 9e4b5a123999f45150e87d869ca1005b
18:47:24.926 [Test worker] INFO  com.phonebook.utils.MyListener -- Something went wrong!
18:47:24.926 [Test worker] INFO  com.phonebook.utils.MyListener -- ===========================================================================
18:47:24.927 [Test worker] INFO  com.phonebook.utils.MyListener -- Method --&gt; alert
18:47:24.927 [Test worker] INFO  com.phonebook.utils.MyListener -- ===========================================================================
18:47:24.927 [Test worker] INFO  com.phonebook.utils.MyListener -- Object target --&gt; org.openqa.selenium.remote.RemoteWebDriver$RemoteTargetLocator@33feb805
18:47:24.927 [Test worker] INFO  com.phonebook.utils.MyListener -- ===========================================================================
18:47:24.927 [Test worker] INFO  com.phonebook.utils.MyListener -- Target exception--&gt; org.openqa.selenium.NoAlertPresentException: no such alert
  (Session info: chrome=126.0.6478.57)
Build info: version: '4.21.0', revision: '79ed462ef4'
System info: os.name: 'Windows 10', os.arch: 'amd64', os.version: '10.0', java.version: '11.0.22'
Driver info: org.openqa.selenium.chrome.ChromeDriver
Command: [9e4b5a123999f45150e87d869ca1005b, getAlertText {}]
Capabilities {acceptInsecureCerts: false, browserName: chrome, browserVersion: 126.0.6478.57, chrome: {chromedriverVersion: 126.0.6478.55 (7616ff175414..., userDataDir: C:\WINDOWS\SystemTemp\scope...}, fedcm:accounts: true, goog:chromeOptions: {debuggerAddress: localhost:53685}, networkConnectionEnabled: false, pageLoadStrategy: normal, platformName: windows, proxy: Proxy(), se:cdp: ws://localhost:53685/devtoo..., se:cdpVersion: 126.0.6478.57, setWindowRect: true, strictFileInteractability: false, timeouts: {implicit: 0, pageLoad: 300000, script: 30000}, unhandledPromptBehavior: dismiss and notify, webauthn:extension:credBlob: true, webauthn:extension:largeBlob: true, webauthn:extension:minPinLength: true, webauthn:extension:prf: true, webauthn:virtualAuthenticators: true}
Session ID: 9e4b5a123999f45150e87d869ca1005b
18:47:25.439 [Test worker] INFO  com.phonebook.utils.MyListener -- Something went wrong!
18:47:25.439 [Test worker] INFO  com.phonebook.utils.MyListener -- ===========================================================================
18:47:25.440 [Test worker] INFO  com.phonebook.utils.MyListener -- Method --&gt; alert
18:47:25.440 [Test worker] INFO  com.phonebook.utils.MyListener -- ===========================================================================
18:47:25.440 [Test worker] INFO  com.phonebook.utils.MyListener -- Object target --&gt; org.openqa.selenium.remote.RemoteWebDriver$RemoteTargetLocator@6f8aba08
18:47:25.440 [Test worker] INFO  com.phonebook.utils.MyListener -- ===========================================================================
18:47:25.440 [Test worker] INFO  com.phonebook.utils.MyListener -- Target exception--&gt; org.openqa.selenium.NoAlertPresentException: no such alert
  (Session info: chrome=126.0.6478.57)
Build info: version: '4.21.0', revision: '79ed462ef4'
System info: os.name: 'Windows 10', os.arch: 'amd64', os.version: '10.0', java.version: '11.0.22'
Driver info: org.openqa.selenium.chrome.ChromeDriver
Command: [9e4b5a123999f45150e87d869ca1005b, getAlertText {}]
Capabilities {acceptInsecureCerts: false, browserName: chrome, browserVersion: 126.0.6478.57, chrome: {chromedriverVersion: 126.0.6478.55 (7616ff175414..., userDataDir: C:\WINDOWS\SystemTemp\scope...}, fedcm:accounts: true, goog:chromeOptions: {debuggerAddress: localhost:53685}, networkConnectionEnabled: false, pageLoadStrategy: normal, platformName: windows, proxy: Proxy(), se:cdp: ws://localhost:53685/devtoo..., se:cdpVersion: 126.0.6478.57, setWindowRect: true, strictFileInteractability: false, timeouts: {implicit: 0, pageLoad: 300000, script: 30000}, unhandledPromptBehavior: dismiss and notify, webauthn:extension:credBlob: true, webauthn:extension:largeBlob: true, webauthn:extension:minPinLength: true, webauthn:extension:prf: true, webauthn:virtualAuthenticators: true}
Session ID: 9e4b5a123999f45150e87d869ca1005b
18:47:25.955 [Test worker] INFO  com.phonebook.utils.MyListener -- Something went wrong!
18:47:25.956 [Test worker] INFO  com.phonebook.utils.MyListener -- ===========================================================================
18:47:25.956 [Test worker] INFO  com.phonebook.utils.MyListener -- Method --&gt; alert
18:47:25.956 [Test worker] INFO  com.phonebook.utils.MyListener -- ===========================================================================
18:47:25.956 [Test worker] INFO  com.phonebook.utils.MyListener -- Object target --&gt; org.openqa.selenium.remote.RemoteWebDriver$RemoteTargetLocator@35c9a231
18:47:25.956 [Test worker] INFO  com.phonebook.utils.MyListener -- ===========================================================================
18:47:25.956 [Test worker] INFO  com.phonebook.utils.MyListener -- Target exception--&gt; org.openqa.selenium.NoAlertPresentException: no such alert
  (Session info: chrome=126.0.6478.57)
Build info: version: '4.21.0', revision: '79ed462ef4'
System info: os.name: 'Windows 10', os.arch: 'amd64', os.version: '10.0', java.version: '11.0.22'
Driver info: org.openqa.selenium.chrome.ChromeDriver
Command: [9e4b5a123999f45150e87d869ca1005b, getAlertText {}]
Capabilities {acceptInsecureCerts: false, browserName: chrome, browserVersion: 126.0.6478.57, chrome: {chromedriverVersion: 126.0.6478.55 (7616ff175414..., userDataDir: C:\WINDOWS\SystemTemp\scope...}, fedcm:accounts: true, goog:chromeOptions: {debuggerAddress: localhost:53685}, networkConnectionEnabled: false, pageLoadStrategy: normal, platformName: windows, proxy: Proxy(), se:cdp: ws://localhost:53685/devtoo..., se:cdpVersion: 126.0.6478.57, setWindowRect: true, strictFileInteractability: false, timeouts: {implicit: 0, pageLoad: 300000, script: 30000}, unhandledPromptBehavior: dismiss and notify, webauthn:extension:credBlob: true, webauthn:extension:largeBlob: true, webauthn:extension:minPinLength: true, webauthn:extension:prf: true, webauthn:virtualAuthenticators: true}
Session ID: 9e4b5a123999f45150e87d869ca1005b
18:47:26.470 [Test worker] INFO  com.phonebook.utils.MyListener -- Something went wrong!
18:47:26.470 [Test worker] INFO  com.phonebook.utils.MyListener -- ===========================================================================
18:47:26.471 [Test worker] INFO  com.phonebook.utils.MyListener -- Method --&gt; alert
18:47:26.471 [Test worker] INFO  com.phonebook.utils.MyListener -- ===========================================================================
18:47:26.471 [Test worker] INFO  com.phonebook.utils.MyListener -- Object target --&gt; org.openqa.selenium.remote.RemoteWebDriver$RemoteTargetLocator@2d55e826
18:47:26.471 [Test worker] INFO  com.phonebook.utils.MyListener -- ===========================================================================
18:47:26.471 [Test worker] INFO  com.phonebook.utils.MyListener -- Target exception--&gt; org.openqa.selenium.NoAlertPresentException: no such alert
  (Session info: chrome=126.0.6478.57)
Build info: version: '4.21.0', revision: '79ed462ef4'
System info: os.name: 'Windows 10', os.arch: 'amd64', os.version: '10.0', java.version: '11.0.22'
Driver info: org.openqa.selenium.chrome.ChromeDriver
Command: [9e4b5a123999f45150e87d869ca1005b, getAlertText {}]
Capabilities {acceptInsecureCerts: false, browserName: chrome, browserVersion: 126.0.6478.57, chrome: {chromedriverVersion: 126.0.6478.55 (7616ff175414..., userDataDir: C:\WINDOWS\SystemTemp\scope...}, fedcm:accounts: true, goog:chromeOptions: {debuggerAddress: localhost:53685}, networkConnectionEnabled: false, pageLoadStrategy: normal, platformName: windows, proxy: Proxy(), se:cdp: ws://localhost:53685/devtoo..., se:cdpVersion: 126.0.6478.57, setWindowRect: true, strictFileInteractability: false, timeouts: {implicit: 0, pageLoad: 300000, script: 30000}, unhandledPromptBehavior: dismiss and notify, webauthn:extension:credBlob: true, webauthn:extension:largeBlob: true, webauthn:extension:minPinLength: true, webauthn:extension:prf: true, webauthn:virtualAuthenticators: true}
Session ID: 9e4b5a123999f45150e87d869ca1005b
18:47:26.983 [Test worker] INFO  com.phonebook.utils.MyListener -- Something went wrong!
18:47:26.983 [Test worker] INFO  com.phonebook.utils.MyListener -- ===========================================================================
18:47:26.983 [Test worker] INFO  com.phonebook.utils.MyListener -- Method --&gt; alert
18:47:26.983 [Test worker] INFO  com.phonebook.utils.MyListener -- ===========================================================================
18:47:26.983 [Test worker] INFO  com.phonebook.utils.MyListener -- Object target --&gt; org.openqa.selenium.remote.RemoteWebDriver$RemoteTargetLocator@29b40b3
18:47:26.983 [Test worker] INFO  com.phonebook.utils.MyListener -- ===========================================================================
18:47:26.983 [Test worker] INFO  com.phonebook.utils.MyListener -- Target exception--&gt; org.openqa.selenium.NoAlertPresentException: no such alert
  (Session info: chrome=126.0.6478.57)
Build info: version: '4.21.0', revision: '79ed462ef4'
System info: os.name: 'Windows 10', os.arch: 'amd64', os.version: '10.0', java.version: '11.0.22'
Driver info: org.openqa.selenium.chrome.ChromeDriver
Command: [9e4b5a123999f45150e87d869ca1005b, getAlertText {}]
Capabilities {acceptInsecureCerts: false, browserName: chrome, browserVersion: 126.0.6478.57, chrome: {chromedriverVersion: 126.0.6478.55 (7616ff175414..., userDataDir: C:\WINDOWS\SystemTemp\scope...}, fedcm:accounts: true, goog:chromeOptions: {debuggerAddress: localhost:53685}, networkConnectionEnabled: false, pageLoadStrategy: normal, platformName: windows, proxy: Proxy(), se:cdp: ws://localhost:53685/devtoo..., se:cdpVersion: 126.0.6478.57, setWindowRect: true, strictFileInteractability: false, timeouts: {implicit: 0, pageLoad: 300000, script: 30000}, unhandledPromptBehavior: dismiss and notify, webauthn:extension:credBlob: true, webauthn:extension:largeBlob: true, webauthn:extension:minPinLength: true, webauthn:extension:prf: true, webauthn:virtualAuthenticators: true}
Session ID: 9e4b5a123999f45150e87d869ca1005b
18:47:27.496 [Test worker] INFO  com.phonebook.utils.MyListener -- Something went wrong!
18:47:27.496 [Test worker] INFO  com.phonebook.utils.MyListener -- ===========================================================================
18:47:27.496 [Test worker] INFO  com.phonebook.utils.MyListener -- Method --&gt; alert
18:47:27.496 [Test worker] INFO  com.phonebook.utils.MyListener -- ===========================================================================
18:47:27.496 [Test worker] INFO  com.phonebook.utils.MyListener -- Object target --&gt; org.openqa.selenium.remote.RemoteWebDriver$RemoteTargetLocator@4fdca00a
18:47:27.496 [Test worker] INFO  com.phonebook.utils.MyListener -- ===========================================================================
18:47:27.496 [Test worker] INFO  com.phonebook.utils.MyListener -- Target exception--&gt; org.openqa.selenium.NoAlertPresentException: no such alert
  (Session info: chrome=126.0.6478.57)
Build info: version: '4.21.0', revision: '79ed462ef4'
System info: os.name: 'Windows 10', os.arch: 'amd64', os.version: '10.0', java.version: '11.0.22'
Driver info: org.openqa.selenium.chrome.ChromeDriver
Command: [9e4b5a123999f45150e87d869ca1005b, getAlertText {}]
Capabilities {acceptInsecureCerts: false, browserName: chrome, browserVersion: 126.0.6478.57, chrome: {chromedriverVersion: 126.0.6478.55 (7616ff175414..., userDataDir: C:\WINDOWS\SystemTemp\scope...}, fedcm:accounts: true, goog:chromeOptions: {debuggerAddress: localhost:53685}, networkConnectionEnabled: false, pageLoadStrategy: normal, platformName: windows, proxy: Proxy(), se:cdp: ws://localhost:53685/devtoo..., se:cdpVersion: 126.0.6478.57, setWindowRect: true, strictFileInteractability: false, timeouts: {implicit: 0, pageLoad: 300000, script: 30000}, unhandledPromptBehavior: dismiss and notify, webauthn:extension:credBlob: true, webauthn:extension:largeBlob: true, webauthn:extension:minPinLength: true, webauthn:extension:prf: true, webauthn:virtualAuthenticators: true}
Session ID: 9e4b5a123999f45150e87d869ca1005b
18:47:28.009 [Test worker] INFO  com.phonebook.utils.MyListener -- Something went wrong!
18:47:28.009 [Test worker] INFO  com.phonebook.utils.MyListener -- ===========================================================================
18:47:28.009 [Test worker] INFO  com.phonebook.utils.MyListener -- Method --&gt; alert
18:47:28.009 [Test worker] INFO  com.phonebook.utils.MyListener -- ===========================================================================
18:47:28.009 [Test worker] INFO  com.phonebook.utils.MyListener -- Object target --&gt; org.openqa.selenium.remote.RemoteWebDriver$RemoteTargetLocator@1a3e8e24
18:47:28.009 [Test worker] INFO  com.phonebook.utils.MyListener -- ===========================================================================
18:47:28.010 [Test worker] INFO  com.phonebook.utils.MyListener -- Target exception--&gt; org.openqa.selenium.NoAlertPresentException: no such alert
  (Session info: chrome=126.0.6478.57)
Build info: version: '4.21.0', revision: '79ed462ef4'
System info: os.name: 'Windows 10', os.arch: 'amd64', os.version: '10.0', java.version: '11.0.22'
Driver info: org.openqa.selenium.chrome.ChromeDriver
Command: [9e4b5a123999f45150e87d869ca1005b, getAlertText {}]
Capabilities {acceptInsecureCerts: false, browserName: chrome, browserVersion: 126.0.6478.57, chrome: {chromedriverVersion: 126.0.6478.55 (7616ff175414..., userDataDir: C:\WINDOWS\SystemTemp\scope...}, fedcm:accounts: true, goog:chromeOptions: {debuggerAddress: localhost:53685}, networkConnectionEnabled: false, pageLoadStrategy: normal, platformName: windows, proxy: Proxy(), se:cdp: ws://localhost:53685/devtoo..., se:cdpVersion: 126.0.6478.57, setWindowRect: true, strictFileInteractability: false, timeouts: {implicit: 0, pageLoad: 300000, script: 30000}, unhandledPromptBehavior: dismiss and notify, webauthn:extension:credBlob: true, webauthn:extension:largeBlob: true, webauthn:extension:minPinLength: true, webauthn:extension:prf: true, webauthn:virtualAuthenticators: true}
Session ID: 9e4b5a123999f45150e87d869ca1005b
18:47:28.519 [Test worker] INFO  com.phonebook.utils.MyListener -- Something went wrong!
18:47:28.519 [Test worker] INFO  com.phonebook.utils.MyListener -- ===========================================================================
18:47:28.519 [Test worker] INFO  com.phonebook.utils.MyListener -- Method --&gt; alert
18:47:28.520 [Test worker] INFO  com.phonebook.utils.MyListener -- ===========================================================================
18:47:28.520 [Test worker] INFO  com.phonebook.utils.MyListener -- Object target --&gt; org.openqa.selenium.remote.RemoteWebDriver$RemoteTargetLocator@50448409
18:47:28.520 [Test worker] INFO  com.phonebook.utils.MyListener -- ===========================================================================
18:47:28.520 [Test worker] INFO  com.phonebook.utils.MyListener -- Target exception--&gt; org.openqa.selenium.NoAlertPresentException: no such alert
  (Session info: chrome=126.0.6478.57)
Build info: version: '4.21.0', revision: '79ed462ef4'
System info: os.name: 'Windows 10', os.arch: 'amd64', os.version: '10.0', java.version: '11.0.22'
Driver info: org.openqa.selenium.chrome.ChromeDriver
Command: [9e4b5a123999f45150e87d869ca1005b, getAlertText {}]
Capabilities {acceptInsecureCerts: false, browserName: chrome, browserVersion: 126.0.6478.57, chrome: {chromedriverVersion: 126.0.6478.55 (7616ff175414..., userDataDir: C:\WINDOWS\SystemTemp\scope...}, fedcm:accounts: true, goog:chromeOptions: {debuggerAddress: localhost:53685}, networkConnectionEnabled: false, pageLoadStrategy: normal, platformName: windows, proxy: Proxy(), se:cdp: ws://localhost:53685/devtoo..., se:cdpVersion: 126.0.6478.57, setWindowRect: true, strictFileInteractability: false, timeouts: {implicit: 0, pageLoad: 300000, script: 30000}, unhandledPromptBehavior: dismiss and notify, webauthn:extension:credBlob: true, webauthn:extension:largeBlob: true, webauthn:extension:minPinLength: true, webauthn:extension:prf: true, webauthn:virtualAuthenticators: true}
Session ID: 9e4b5a123999f45150e87d869ca1005b
18:47:29.031 [Test worker] INFO  com.phonebook.utils.MyListener -- Something went wrong!
18:47:29.031 [Test worker] INFO  com.phonebook.utils.MyListener -- ===========================================================================
18:47:29.031 [Test worker] INFO  com.phonebook.utils.MyListener -- Method --&gt; alert
18:47:29.031 [Test worker] INFO  com.phonebook.utils.MyListener -- ===========================================================================
18:47:29.031 [Test worker] INFO  com.phonebook.utils.MyListener -- Object target --&gt; org.openqa.selenium.remote.RemoteWebDriver$RemoteTargetLocator@30b975ad
18:47:29.031 [Test worker] INFO  com.phonebook.utils.MyListener -- ===========================================================================
18:47:29.032 [Test worker] INFO  com.phonebook.utils.MyListener -- Target exception--&gt; org.openqa.selenium.NoAlertPresentException: no such alert
  (Session info: chrome=126.0.6478.57)
Build info: version: '4.21.0', revision: '79ed462ef4'
System info: os.name: 'Windows 10', os.arch: 'amd64', os.version: '10.0', java.version: '11.0.22'
Driver info: org.openqa.selenium.chrome.ChromeDriver
Command: [9e4b5a123999f45150e87d869ca1005b, getAlertText {}]
Capabilities {acceptInsecureCerts: false, browserName: chrome, browserVersion: 126.0.6478.57, chrome: {chromedriverVersion: 126.0.6478.55 (7616ff175414..., userDataDir: C:\WINDOWS\SystemTemp\scope...}, fedcm:accounts: true, goog:chromeOptions: {debuggerAddress: localhost:53685}, networkConnectionEnabled: false, pageLoadStrategy: normal, platformName: windows, proxy: Proxy(), se:cdp: ws://localhost:53685/devtoo..., se:cdpVersion: 126.0.6478.57, setWindowRect: true, strictFileInteractability: false, timeouts: {implicit: 0, pageLoad: 300000, script: 30000}, unhandledPromptBehavior: dismiss and notify, webauthn:extension:credBlob: true, webauthn:extension:largeBlob: true, webauthn:extension:minPinLength: true, webauthn:extension:prf: true, webauthn:virtualAuthenticators: true}
Session ID: 9e4b5a123999f45150e87d869ca1005b
18:47:29.544 [Test worker] INFO  com.phonebook.utils.MyListener -- Something went wrong!
18:47:29.544 [Test worker] INFO  com.phonebook.utils.MyListener -- ===========================================================================
18:47:29.544 [Test worker] INFO  com.phonebook.utils.MyListener -- Method --&gt; alert
18:47:29.544 [Test worker] INFO  com.phonebook.utils.MyListener -- ===========================================================================
18:47:29.544 [Test worker] INFO  com.phonebook.utils.MyListener -- Object target --&gt; org.openqa.selenium.remote.RemoteWebDriver$RemoteTargetLocator@ea52184
18:47:29.544 [Test worker] INFO  com.phonebook.utils.MyListener -- ===========================================================================
18:47:29.544 [Test worker] INFO  com.phonebook.utils.MyListener -- Target exception--&gt; org.openqa.selenium.NoAlertPresentException: no such alert
  (Session info: chrome=126.0.6478.57)
Build info: version: '4.21.0', revision: '79ed462ef4'
System info: os.name: 'Windows 10', os.arch: 'amd64', os.version: '10.0', java.version: '11.0.22'
Driver info: org.openqa.selenium.chrome.ChromeDriver
Command: [9e4b5a123999f45150e87d869ca1005b, getAlertText {}]
Capabilities {acceptInsecureCerts: false, browserName: chrome, browserVersion: 126.0.6478.57, chrome: {chromedriverVersion: 126.0.6478.55 (7616ff175414..., userDataDir: C:\WINDOWS\SystemTemp\scope...}, fedcm:accounts: true, goog:chromeOptions: {debuggerAddress: localhost:53685}, networkConnectionEnabled: false, pageLoadStrategy: normal, platformName: windows, proxy: Proxy(), se:cdp: ws://localhost:53685/devtoo..., se:cdpVersion: 126.0.6478.57, setWindowRect: true, strictFileInteractability: false, timeouts: {implicit: 0, pageLoad: 300000, script: 30000}, unhandledPromptBehavior: dismiss and notify, webauthn:extension:credBlob: true, webauthn:extension:largeBlob: true, webauthn:extension:minPinLength: true, webauthn:extension:prf: true, webauthn:virtualAuthenticators: true}
Session ID: 9e4b5a123999f45150e87d869ca1005b
18:47:30.055 [Test worker] INFO  com.phonebook.utils.MyListener -- Something went wrong!
18:47:30.055 [Test worker] INFO  com.phonebook.utils.MyListener -- ===========================================================================
18:47:30.055 [Test worker] INFO  com.phonebook.utils.MyListener -- Method --&gt; alert
18:47:30.055 [Test worker] INFO  com.phonebook.utils.MyListener -- ===========================================================================
18:47:30.055 [Test worker] INFO  com.phonebook.utils.MyListener -- Object target --&gt; org.openqa.selenium.remote.RemoteWebDriver$RemoteTargetLocator@7f608e21
18:47:30.055 [Test worker] INFO  com.phonebook.utils.MyListener -- ===========================================================================
18:47:30.055 [Test worker] INFO  com.phonebook.utils.MyListener -- Target exception--&gt; org.openqa.selenium.NoAlertPresentException: no such alert
  (Session info: chrome=126.0.6478.57)
Build info: version: '4.21.0', revision: '79ed462ef4'
System info: os.name: 'Windows 10', os.arch: 'amd64', os.version: '10.0', java.version: '11.0.22'
Driver info: org.openqa.selenium.chrome.ChromeDriver
Command: [9e4b5a123999f45150e87d869ca1005b, getAlertText {}]
Capabilities {acceptInsecureCerts: false, browserName: chrome, browserVersion: 126.0.6478.57, chrome: {chromedriverVersion: 126.0.6478.55 (7616ff175414..., userDataDir: C:\WINDOWS\SystemTemp\scope...}, fedcm:accounts: true, goog:chromeOptions: {debuggerAddress: localhost:53685}, networkConnectionEnabled: false, pageLoadStrategy: normal, platformName: windows, proxy: Proxy(), se:cdp: ws://localhost:53685/devtoo..., se:cdpVersion: 126.0.6478.57, setWindowRect: true, strictFileInteractability: false, timeouts: {implicit: 0, pageLoad: 300000, script: 30000}, unhandledPromptBehavior: dismiss and notify, webauthn:extension:credBlob: true, webauthn:extension:largeBlob: true, webauthn:extension:minPinLength: true, webauthn:extension:prf: true, webauthn:virtualAuthenticators: true}
Session ID: 9e4b5a123999f45150e87d869ca1005b
18:47:30.568 [Test worker] INFO  com.phonebook.utils.MyListener -- Something went wrong!
18:47:30.568 [Test worker] INFO  com.phonebook.utils.MyListener -- ===========================================================================
18:47:30.568 [Test worker] INFO  com.phonebook.utils.MyListener -- Method --&gt; alert
18:47:30.568 [Test worker] INFO  com.phonebook.utils.MyListener -- ===========================================================================
18:47:30.568 [Test worker] INFO  com.phonebook.utils.MyListener -- Object target --&gt; org.openqa.selenium.remote.RemoteWebDriver$RemoteTargetLocator@66236a0a
18:47:30.568 [Test worker] INFO  com.phonebook.utils.MyListener -- ===========================================================================
18:47:30.569 [Test worker] INFO  com.phonebook.utils.MyListener -- Target exception--&gt; org.openqa.selenium.NoAlertPresentException: no such alert
  (Session info: chrome=126.0.6478.57)
Build info: version: '4.21.0', revision: '79ed462ef4'
System info: os.name: 'Windows 10', os.arch: 'amd64', os.version: '10.0', java.version: '11.0.22'
Driver info: org.openqa.selenium.chrome.ChromeDriver
Command: [9e4b5a123999f45150e87d869ca1005b, getAlertText {}]
Capabilities {acceptInsecureCerts: false, browserName: chrome, browserVersion: 126.0.6478.57, chrome: {chromedriverVersion: 126.0.6478.55 (7616ff175414..., userDataDir: C:\WINDOWS\SystemTemp\scope...}, fedcm:accounts: true, goog:chromeOptions: {debuggerAddress: localhost:53685}, networkConnectionEnabled: false, pageLoadStrategy: normal, platformName: windows, proxy: Proxy(), se:cdp: ws://localhost:53685/devtoo..., se:cdpVersion: 126.0.6478.57, setWindowRect: true, strictFileInteractability: false, timeouts: {implicit: 0, pageLoad: 300000, script: 30000}, unhandledPromptBehavior: dismiss and notify, webauthn:extension:credBlob: true, webauthn:extension:largeBlob: true, webauthn:extension:minPinLength: true, webauthn:extension:prf: true, webauthn:virtualAuthenticators: true}
Session ID: 9e4b5a123999f45150e87d869ca1005b
18:47:31.078 [Test worker] INFO  com.phonebook.utils.MyListener -- Something went wrong!
18:47:31.078 [Test worker] INFO  com.phonebook.utils.MyListener -- ===========================================================================
18:47:31.078 [Test worker] INFO  com.phonebook.utils.MyListener -- Method --&gt; alert
18:47:31.078 [Test worker] INFO  com.phonebook.utils.MyListener -- ===========================================================================
18:47:31.078 [Test worker] INFO  com.phonebook.utils.MyListener -- Object target --&gt; org.openqa.selenium.remote.RemoteWebDriver$RemoteTargetLocator@795f8317
18:47:31.079 [Test worker] INFO  com.phonebook.utils.MyListener -- ===========================================================================
18:47:31.079 [Test worker] INFO  com.phonebook.utils.MyListener -- Target exception--&gt; org.openqa.selenium.NoAlertPresentException: no such alert
  (Session info: chrome=126.0.6478.57)
Build info: version: '4.21.0', revision: '79ed462ef4'
System info: os.name: 'Windows 10', os.arch: 'amd64', os.version: '10.0', java.version: '11.0.22'
Driver info: org.openqa.selenium.chrome.ChromeDriver
Command: [9e4b5a123999f45150e87d869ca1005b, getAlertText {}]
Capabilities {acceptInsecureCerts: false, browserName: chrome, browserVersion: 126.0.6478.57, chrome: {chromedriverVersion: 126.0.6478.55 (7616ff175414..., userDataDir: C:\WINDOWS\SystemTemp\scope...}, fedcm:accounts: true, goog:chromeOptions: {debuggerAddress: localhost:53685}, networkConnectionEnabled: false, pageLoadStrategy: normal, platformName: windows, proxy: Proxy(), se:cdp: ws://localhost:53685/devtoo..., se:cdpVersion: 126.0.6478.57, setWindowRect: true, strictFileInteractability: false, timeouts: {implicit: 0, pageLoad: 300000, script: 30000}, unhandledPromptBehavior: dismiss and notify, webauthn:extension:credBlob: true, webauthn:extension:largeBlob: true, webauthn:extension:minPinLength: true, webauthn:extension:prf: true, webauthn:virtualAuthenticators: true}
Session ID: 9e4b5a123999f45150e87d869ca1005b
18:47:31.591 [Test worker] INFO  com.phonebook.utils.MyListener -- Something went wrong!
18:47:31.591 [Test worker] INFO  com.phonebook.utils.MyListener -- ===========================================================================
18:47:31.591 [Test worker] INFO  com.phonebook.utils.MyListener -- Method --&gt; alert
18:47:31.591 [Test worker] INFO  com.phonebook.utils.MyListener -- ===========================================================================
18:47:31.591 [Test worker] INFO  com.phonebook.utils.MyListener -- Object target --&gt; org.openqa.selenium.remote.RemoteWebDriver$RemoteTargetLocator@157ec23b
18:47:31.591 [Test worker] INFO  com.phonebook.utils.MyListener -- ===========================================================================
18:47:31.591 [Test worker] INFO  com.phonebook.utils.MyListener -- Target exception--&gt; org.openqa.selenium.NoAlertPresentException: no such alert
  (Session info: chrome=126.0.6478.57)
Build info: version: '4.21.0', revision: '79ed462ef4'
System info: os.name: 'Windows 10', os.arch: 'amd64', os.version: '10.0', java.version: '11.0.22'
Driver info: org.openqa.selenium.chrome.ChromeDriver
Command: [9e4b5a123999f45150e87d869ca1005b, getAlertText {}]
Capabilities {acceptInsecureCerts: false, browserName: chrome, browserVersion: 126.0.6478.57, chrome: {chromedriverVersion: 126.0.6478.55 (7616ff175414..., userDataDir: C:\WINDOWS\SystemTemp\scope...}, fedcm:accounts: true, goog:chromeOptions: {debuggerAddress: localhost:53685}, networkConnectionEnabled: false, pageLoadStrategy: normal, platformName: windows, proxy: Proxy(), se:cdp: ws://localhost:53685/devtoo..., se:cdpVersion: 126.0.6478.57, setWindowRect: true, strictFileInteractability: false, timeouts: {implicit: 0, pageLoad: 300000, script: 30000}, unhandledPromptBehavior: dismiss and notify, webauthn:extension:credBlob: true, webauthn:extension:largeBlob: true, webauthn:extension:minPinLength: true, webauthn:extension:prf: true, webauthn:virtualAuthenticators: true}
Session ID: 9e4b5a123999f45150e87d869ca1005b
18:47:32.100 [Test worker] INFO  com.phonebook.utils.MyListener -- Something went wrong!
18:47:32.100 [Test worker] INFO  com.phonebook.utils.MyListener -- ===========================================================================
18:47:32.100 [Test worker] INFO  com.phonebook.utils.MyListener -- Method --&gt; alert
18:47:32.100 [Test worker] INFO  com.phonebook.utils.MyListener -- ===========================================================================
18:47:32.100 [Test worker] INFO  com.phonebook.utils.MyListener -- Object target --&gt; org.openqa.selenium.remote.RemoteWebDriver$RemoteTargetLocator@47ac613b
18:47:32.100 [Test worker] INFO  com.phonebook.utils.MyListener -- ===========================================================================
18:47:32.100 [Test worker] INFO  com.phonebook.utils.MyListener -- Target exception--&gt; org.openqa.selenium.NoAlertPresentException: no such alert
  (Session info: chrome=126.0.6478.57)
Build info: version: '4.21.0', revision: '79ed462ef4'
System info: os.name: 'Windows 10', os.arch: 'amd64', os.version: '10.0', java.version: '11.0.22'
Driver info: org.openqa.selenium.chrome.ChromeDriver
Command: [9e4b5a123999f45150e87d869ca1005b, getAlertText {}]
Capabilities {acceptInsecureCerts: false, browserName: chrome, browserVersion: 126.0.6478.57, chrome: {chromedriverVersion: 126.0.6478.55 (7616ff175414..., userDataDir: C:\WINDOWS\SystemTemp\scope...}, fedcm:accounts: true, goog:chromeOptions: {debuggerAddress: localhost:53685}, networkConnectionEnabled: false, pageLoadStrategy: normal, platformName: windows, proxy: Proxy(), se:cdp: ws://localhost:53685/devtoo..., se:cdpVersion: 126.0.6478.57, setWindowRect: true, strictFileInteractability: false, timeouts: {implicit: 0, pageLoad: 300000, script: 30000}, unhandledPromptBehavior: dismiss and notify, webauthn:extension:credBlob: true, webauthn:extension:largeBlob: true, webauthn:extension:minPinLength: true, webauthn:extension:prf: true, webauthn:virtualAuthenticators: true}
Session ID: 9e4b5a123999f45150e87d869ca1005b
18:47:32.615 [Test worker] INFO  com.phonebook.utils.MyListener -- Something went wrong!
18:47:32.615 [Test worker] INFO  com.phonebook.utils.MyListener -- ===========================================================================
18:47:32.615 [Test worker] INFO  com.phonebook.utils.MyListener -- Method --&gt; alert
18:47:32.615 [Test worker] INFO  com.phonebook.utils.MyListener -- ===========================================================================
18:47:32.615 [Test worker] INFO  com.phonebook.utils.MyListener -- Object target --&gt; org.openqa.selenium.remote.RemoteWebDriver$RemoteTargetLocator@134ff8f8
18:47:32.615 [Test worker] INFO  com.phonebook.utils.MyListener -- ===========================================================================
18:47:32.615 [Test worker] INFO  com.phonebook.utils.MyListener -- Target exception--&gt; org.openqa.selenium.NoAlertPresentException: no such alert
  (Session info: chrome=126.0.6478.57)
Build info: version: '4.21.0', revision: '79ed462ef4'
System info: os.name: 'Windows 10', os.arch: 'amd64', os.version: '10.0', java.version: '11.0.22'
Driver info: org.openqa.selenium.chrome.ChromeDriver
Command: [9e4b5a123999f45150e87d869ca1005b, getAlertText {}]
Capabilities {acceptInsecureCerts: false, browserName: chrome, browserVersion: 126.0.6478.57, chrome: {chromedriverVersion: 126.0.6478.55 (7616ff175414..., userDataDir: C:\WINDOWS\SystemTemp\scope...}, fedcm:accounts: true, goog:chromeOptions: {debuggerAddress: localhost:53685}, networkConnectionEnabled: false, pageLoadStrategy: normal, platformName: windows, proxy: Proxy(), se:cdp: ws://localhost:53685/devtoo..., se:cdpVersion: 126.0.6478.57, setWindowRect: true, strictFileInteractability: false, timeouts: {implicit: 0, pageLoad: 300000, script: 30000}, unhandledPromptBehavior: dismiss and notify, webauthn:extension:credBlob: true, webauthn:extension:largeBlob: true, webauthn:extension:minPinLength: true, webauthn:extension:prf: true, webauthn:virtualAuthenticators: true}
Session ID: 9e4b5a123999f45150e87d869ca1005b
18:47:33.129 [Test worker] INFO  com.phonebook.utils.MyListener -- Something went wrong!
18:47:33.129 [Test worker] INFO  com.phonebook.utils.MyListener -- ===========================================================================
18:47:33.129 [Test worker] INFO  com.phonebook.utils.MyListener -- Method --&gt; alert
18:47:33.129 [Test worker] INFO  com.phonebook.utils.MyListener -- ===========================================================================
18:47:33.129 [Test worker] INFO  com.phonebook.utils.MyListener -- Object target --&gt; org.openqa.selenium.remote.RemoteWebDriver$RemoteTargetLocator@3902bd2c
18:47:33.129 [Test worker] INFO  com.phonebook.utils.MyListener -- ===========================================================================
18:47:33.130 [Test worker] INFO  com.phonebook.utils.MyListener -- Target exception--&gt; org.openqa.selenium.NoAlertPresentException: no such alert
  (Session info: chrome=126.0.6478.57)
Build info: version: '4.21.0', revision: '79ed462ef4'
System info: os.name: 'Windows 10', os.arch: 'amd64', os.version: '10.0', java.version: '11.0.22'
Driver info: org.openqa.selenium.chrome.ChromeDriver
Command: [9e4b5a123999f45150e87d869ca1005b, getAlertText {}]
Capabilities {acceptInsecureCerts: false, browserName: chrome, browserVersion: 126.0.6478.57, chrome: {chromedriverVersion: 126.0.6478.55 (7616ff175414..., userDataDir: C:\WINDOWS\SystemTemp\scope...}, fedcm:accounts: true, goog:chromeOptions: {debuggerAddress: localhost:53685}, networkConnectionEnabled: false, pageLoadStrategy: normal, platformName: windows, proxy: Proxy(), se:cdp: ws://localhost:53685/devtoo..., se:cdpVersion: 126.0.6478.57, setWindowRect: true, strictFileInteractability: false, timeouts: {implicit: 0, pageLoad: 300000, script: 30000}, unhandledPromptBehavior: dismiss and notify, webauthn:extension:credBlob: true, webauthn:extension:largeBlob: true, webauthn:extension:minPinLength: true, webauthn:extension:prf: true, webauthn:virtualAuthenticators: true}
Session ID: 9e4b5a123999f45150e87d869ca1005b
18:47:33.642 [Test worker] INFO  com.phonebook.utils.MyListener -- Something went wrong!
18:47:33.642 [Test worker] INFO  com.phonebook.utils.MyListener -- ===========================================================================
18:47:33.642 [Test worker] INFO  com.phonebook.utils.MyListener -- Method --&gt; alert
18:47:33.642 [Test worker] INFO  com.phonebook.utils.MyListener -- ===========================================================================
18:47:33.642 [Test worker] INFO  com.phonebook.utils.MyListener -- Object target --&gt; org.openqa.selenium.remote.RemoteWebDriver$RemoteTargetLocator@727320fa
18:47:33.642 [Test worker] INFO  com.phonebook.utils.MyListener -- ===========================================================================
18:47:33.642 [Test worker] INFO  com.phonebook.utils.MyListener -- Target exception--&gt; org.openqa.selenium.NoAlertPresentException: no such alert
  (Session info: chrome=126.0.6478.57)
Build info: version: '4.21.0', revision: '79ed462ef4'
System info: os.name: 'Windows 10', os.arch: 'amd64', os.version: '10.0', java.version: '11.0.22'
Driver info: org.openqa.selenium.chrome.ChromeDriver
Command: [9e4b5a123999f45150e87d869ca1005b, getAlertText {}]
Capabilities {acceptInsecureCerts: false, browserName: chrome, browserVersion: 126.0.6478.57, chrome: {chromedriverVersion: 126.0.6478.55 (7616ff175414..., userDataDir: C:\WINDOWS\SystemTemp\scope...}, fedcm:accounts: true, goog:chromeOptions: {debuggerAddress: localhost:53685}, networkConnectionEnabled: false, pageLoadStrategy: normal, platformName: windows, proxy: Proxy(), se:cdp: ws://localhost:53685/devtoo..., se:cdpVersion: 126.0.6478.57, setWindowRect: true, strictFileInteractability: false, timeouts: {implicit: 0, pageLoad: 300000, script: 30000}, unhandledPromptBehavior: dismiss and notify, webauthn:extension:credBlob: true, webauthn:extension:largeBlob: true, webauthn:extension:minPinLength: true, webauthn:extension:prf: true, webauthn:virtualAuthenticators: true}
Session ID: 9e4b5a123999f45150e87d869ca1005b
18:47:34.156 [Test worker] INFO  com.phonebook.utils.MyListener -- Something went wrong!
18:47:34.156 [Test worker] INFO  com.phonebook.utils.MyListener -- ===========================================================================
18:47:34.157 [Test worker] INFO  com.phonebook.utils.MyListener -- Method --&gt; alert
18:47:34.157 [Test worker] INFO  com.phonebook.utils.MyListener -- ===========================================================================
18:47:34.157 [Test worker] INFO  com.phonebook.utils.MyListener -- Object target --&gt; org.openqa.selenium.remote.RemoteWebDriver$RemoteTargetLocator@51a18b21
18:47:34.157 [Test worker] INFO  com.phonebook.utils.MyListener -- ===========================================================================
18:47:34.157 [Test worker] INFO  com.phonebook.utils.MyListener -- Target exception--&gt; org.openqa.selenium.NoAlertPresentException: no such alert
  (Session info: chrome=126.0.6478.57)
Build info: version: '4.21.0', revision: '79ed462ef4'
System info: os.name: 'Windows 10', os.arch: 'amd64', os.version: '10.0', java.version: '11.0.22'
Driver info: org.openqa.selenium.chrome.ChromeDriver
Command: [9e4b5a123999f45150e87d869ca1005b, getAlertText {}]
Capabilities {acceptInsecureCerts: false, browserName: chrome, browserVersion: 126.0.6478.57, chrome: {chromedriverVersion: 126.0.6478.55 (7616ff175414..., userDataDir: C:\WINDOWS\SystemTemp\scope...}, fedcm:accounts: true, goog:chromeOptions: {debuggerAddress: localhost:53685}, networkConnectionEnabled: false, pageLoadStrategy: normal, platformName: windows, proxy: Proxy(), se:cdp: ws://localhost:53685/devtoo..., se:cdpVersion: 126.0.6478.57, setWindowRect: true, strictFileInteractability: false, timeouts: {implicit: 0, pageLoad: 300000, script: 30000}, unhandledPromptBehavior: dismiss and notify, webauthn:extension:credBlob: true, webauthn:extension:largeBlob: true, webauthn:extension:minPinLength: true, webauthn:extension:prf: true, webauthn:virtualAuthenticators: true}
Session ID: 9e4b5a123999f45150e87d869ca1005b
18:47:34.424 [Test worker] ERROR com.phonebook.tests.TestBase -- FAILED: loginNegativeWithoutEmailTestScreenshot: C:\QA\Phonebook\screenshots\screen-1718988454412.png
18:47:34.424 [Test worker] INFO  com.phonebook.tests.TestBase -- Stop test
18:47:34.424 [Test worker] INFO  com.phonebook.tests.TestBase -- =================================================================================================
</pre>
</span>
</div>
</div>
<div id="footer">
<p>
<div>
<label class="hidden" id="label-for-line-wrapping-toggle" for="line-wrapping-toggle">Wrap lines
<input id="line-wrapping-toggle" type="checkbox" autocomplete="off"/>
</label>
</div>Generated by 
<a href="http://www.gradle.org">Gradle 8.8</a> at 21 . 2024 ., 18:47:35</p>
</div>
</div>
</body>
</html>
